[22-Apr-2025 13:52:23 Asia/Ho_Chi_Minh] PHP Fatal error:  Uncaught PDOException: SQLSTATE[HY000]: General error: 2006 MySQL server has gone away in C:\xampp\htdocs\Do_an_tot_nghiep_lph\api\app\vendor\usmanhalalit\pixie\src\Pixie\QueryBuilder\QueryBuilderHandler.php:152
Stack trace:
#0 C:\xampp\htdocs\Do_an_tot_nghiep_lph\api\app\vendor\usmanhalalit\pixie\src\Pixie\QueryBuilder\QueryBuilderHandler.php(152): PDOStatement->execute()
#1 C:\xampp\htdocs\Do_an_tot_nghiep_lph\api\app\vendor\usmanhalalit\pixie\src\Pixie\QueryBuilder\QueryBuilderHandler.php(173): Pixie\QueryBuilder\QueryBuilderHandler->statement('SELECT count(*)...', Array)
#2 C:\xampp\htdocs\Do_an_tot_nghiep_lph\api\app\vendor\usmanhalalit\pixie\src\Pixie\QueryBuilder\QueryBuilderHandler.php(252): Pixie\QueryBuilder\QueryBuilderHandler->get()
#3 C:\xampp\htdocs\Do_an_tot_nghiep_lph\api\app\vendor\usmanhalalit\pixie\src\Pixie\QueryBuilder\QueryBuilderHandler.php(235): Pixie\QueryBuilder\QueryBuilderHandler->aggregate('count')
#4 C:\xampp\htdocs\Do_an_tot_nghiep_lph\api\app\models\PatientModel.php(46): Pixie\QueryBuilder\QueryBuilderHandler->count()
#5 C:\xampp\htdocs\Do_an_tot_nghiep_lph\api\app\models\PatientModel.php(19): PatientModel->select('phihasky@gmail....')
#6 [internal function]: PatientModel->__construct('phihasky@gmail....')
#7 C:\xampp\htdocs\Do_an_tot_nghiep_lph\api\app\core\Controller.php(59): ReflectionClass->newInstanceArgs(Array)
#8 C:\xampp\htdocs\Do_an_tot_nghiep_lph\api\app\controllers\LoginWithGoogleController.php(64): Controller::model('Patient', Array)
#9 C:\xampp\htdocs\Do_an_tot_nghiep_lph\api\app\controllers\LoginWithGoogleController.php(16): LoginWithGoogleController->loginWithGoogle()
#10 C:\xampp\htdocs\Do_an_tot_nghiep_lph\api\app\core\App.php(611): LoginWithGoogleController->process()
#11 C:\xampp\htdocs\Do_an_tot_nghiep_lph\api\index.php(77): App->process()
#12 {main}
  thrown in C:\xampp\htdocs\Do_an_tot_nghiep_lph\api\app\vendor\usmanhalalit\pixie\src\Pixie\QueryBuilder\QueryBuilderHandler.php on line 152
[22-Apr-2025 06:52:48 UTC] PHP Fatal error:  Uncaught PDOException: SQLSTATE[HY000] [2002] No connection could be made because the target machine actively refused it in C:\xampp\htdocs\Do_an_tot_nghiep_lph\api\app\vendor\usmanhalalit\viocon\src\Viocon\Container.php:138
Stack trace:
#0 [internal function]: PDO->__construct('mysql:dbname=do...', 'root', '', Array)
#1 C:\xampp\htdocs\Do_an_tot_nghiep_lph\api\app\vendor\usmanhalalit\viocon\src\Viocon\Container.php(138): ReflectionClass->newInstanceArgs(Array)
#2 C:\xampp\htdocs\Do_an_tot_nghiep_lph\api\app\vendor\usmanhalalit\viocon\src\Viocon\Container.php(110): Viocon\Container->instanciate('\\PDO', Array)
#3 C:\xampp\htdocs\Do_an_tot_nghiep_lph\api\app\vendor\usmanhalalit\pixie\src\Pixie\ConnectionAdapters\Mysql.php(28): Viocon\Container->build('\\PDO', Array)
#4 C:\xampp\htdocs\Do_an_tot_nghiep_lph\api\app\vendor\usmanhalalit\pixie\src\Pixie\ConnectionAdapters\BaseAdapter.php(28): Pixie\ConnectionAdapters\Mysql->doConnect(Array)
#5 C:\xampp\htdocs\Do_an_tot_nghiep_lph\api\app\vendor\usmanhalalit\pixie\src\Pixie\Connection.php(93): Pixie\ConnectionAdapters\BaseAdapter->connect(Array)
#6 C:\xampp\htdocs\Do_an_tot_nghiep_lph\api\app\vendor\usmanhalalit\pixie\src\Pixie\Connection.php(51): Pixie\Connection->connect()
#7 C:\xampp\htdocs\Do_an_tot_nghiep_lph\api\app\core\App.php(176): Pixie\Connection->__construct('mysql', Array, 'DB')
#8 C:\xampp\htdocs\Do_an_tot_nghiep_lph\api\app\core\App.php(575): App->db()
#9 C:\xampp\htdocs\Do_an_tot_nghiep_lph\api\index.php(77): App->process()
#10 {main}
  thrown in C:\xampp\htdocs\Do_an_tot_nghiep_lph\api\app\vendor\usmanhalalit\viocon\src\Viocon\Container.php on line 138
[23-Apr-2025 07:47:15 UTC] PHP Fatal error:  Uncaught Error: Call to a member function get() on null in C:\xampp\htdocs\Do_an_tot_nghiep_lph\api\app\core\App.php:113
Stack trace:
#0 C:\xampp\htdocs\Do_an_tot_nghiep_lph\api\app\core\App.php(580): App->ipinfo()
#1 C:\xampp\htdocs\Do_an_tot_nghiep_lph\api\index.php(77): App->process()
#2 {main}
  thrown in C:\xampp\htdocs\Do_an_tot_nghiep_lph\api\app\core\App.php on line 113
[23-Apr-2025 07:48:41 UTC] PHP Fatal error:  Uncaught Error: Call to a member function get() on null in C:\xampp\htdocs\Do_an_tot_nghiep_lph\api\app\core\App.php:113
Stack trace:
#0 C:\xampp\htdocs\Do_an_tot_nghiep_lph\api\app\core\App.php(580): App->ipinfo()
#1 C:\xampp\htdocs\Do_an_tot_nghiep_lph\api\index.php(77): App->process()
#2 {main}
  thrown in C:\xampp\htdocs\Do_an_tot_nghiep_lph\api\app\core\App.php on line 113
[23-Apr-2025 07:49:24 UTC] PHP Fatal error:  Uncaught Error: Call to a member function get() on null in C:\xampp\htdocs\Do_an_tot_nghiep_lph\api\app\core\App.php:113
Stack trace:
#0 C:\xampp\htdocs\Do_an_tot_nghiep_lph\api\app\core\App.php(580): App->ipinfo()
#1 C:\xampp\htdocs\Do_an_tot_nghiep_lph\api\index.php(77): App->process()
#2 {main}
  thrown in C:\xampp\htdocs\Do_an_tot_nghiep_lph\api\app\core\App.php on line 113
[23-Apr-2025 08:07:54 UTC] PHP Fatal error:  Uncaught Error: Call to a member function get() on null in C:\xampp\htdocs\Do_an_tot_nghiep_lph\api\app\core\App.php:113
Stack trace:
#0 C:\xampp\htdocs\Do_an_tot_nghiep_lph\api\app\core\App.php(580): App->ipinfo()
#1 C:\xampp\htdocs\Do_an_tot_nghiep_lph\api\index.php(77): App->process()
#2 {main}
  thrown in C:\xampp\htdocs\Do_an_tot_nghiep_lph\api\app\core\App.php on line 113
[23-Apr-2025 08:13:08 UTC] PHP Fatal error:  Uncaught Error: Call to a member function get() on null in C:\xampp\htdocs\Do_an_tot_nghiep_lph\api\app\core\App.php:113
Stack trace:
#0 C:\xampp\htdocs\Do_an_tot_nghiep_lph\api\app\core\App.php(580): App->ipinfo()
#1 C:\xampp\htdocs\Do_an_tot_nghiep_lph\api\index.php(77): App->process()
#2 {main}
  thrown in C:\xampp\htdocs\Do_an_tot_nghiep_lph\api\app\core\App.php on line 113
[23-Apr-2025 08:21:11 UTC] PHP Fatal error:  Uncaught Error: Call to a member function get() on null in C:\xampp\htdocs\Do_an_tot_nghiep_lph\api\app\core\App.php:113
Stack trace:
#0 C:\xampp\htdocs\Do_an_tot_nghiep_lph\api\app\core\App.php(580): App->ipinfo()
#1 C:\xampp\htdocs\Do_an_tot_nghiep_lph\api\index.php(77): App->process()
#2 {main}
  thrown in C:\xampp\htdocs\Do_an_tot_nghiep_lph\api\app\core\App.php on line 113
[23-Apr-2025 08:21:20 UTC] PHP Fatal error:  Uncaught Error: Call to a member function get() on null in C:\xampp\htdocs\Do_an_tot_nghiep_lph\api\app\core\App.php:113
Stack trace:
#0 C:\xampp\htdocs\Do_an_tot_nghiep_lph\api\app\core\App.php(580): App->ipinfo()
#1 C:\xampp\htdocs\Do_an_tot_nghiep_lph\api\index.php(77): App->process()
#2 {main}
  thrown in C:\xampp\htdocs\Do_an_tot_nghiep_lph\api\app\core\App.php on line 113
[23-Apr-2025 08:23:37 UTC] PHP Fatal error:  Uncaught Error: Call to a member function get() on null in C:\xampp\htdocs\Do_an_tot_nghiep_lph\api\app\core\App.php:113
Stack trace:
#0 C:\xampp\htdocs\Do_an_tot_nghiep_lph\api\app\core\App.php(580): App->ipinfo()
#1 C:\xampp\htdocs\Do_an_tot_nghiep_lph\api\index.php(77): App->process()
#2 {main}
  thrown in C:\xampp\htdocs\Do_an_tot_nghiep_lph\api\app\core\App.php on line 113
[24-Apr-2025 07:15:34 UTC] PHP Fatal error:  Uncaught PDOException: SQLSTATE[23000]: Integrity constraint violation: 1048 Column 'id' cannot be null in C:\xampp\htdocs\Do_an_tot_nghiep_lph\api\app\vendor\usmanhalalit\pixie\src\Pixie\QueryBuilder\QueryBuilderHandler.php:152
Stack trace:
#0 C:\xampp\htdocs\Do_an_tot_nghiep_lph\api\app\vendor\usmanhalalit\pixie\src\Pixie\QueryBuilder\QueryBuilderHandler.php(152): PDOStatement->execute()
#1 C:\xampp\htdocs\Do_an_tot_nghiep_lph\api\app\vendor\usmanhalalit\pixie\src\Pixie\QueryBuilder\QueryBuilderHandler.php(325): Pixie\QueryBuilder\QueryBuilderHandler->statement('INSERT INTO `tn...', Array)
#2 C:\xampp\htdocs\Do_an_tot_nghiep_lph\api\app\vendor\usmanhalalit\pixie\src\Pixie\QueryBuilder\QueryBuilderHandler.php(356): Pixie\QueryBuilder\QueryBuilderHandler->doInsert(Array, 'insert')
#3 C:\xampp\htdocs\Do_an_tot_nghiep_lph\api\app\models\PatientModel.php(113): Pixie\QueryBuilder\QueryBuilderHandler->insert(Array)
#4 C:\xampp\htdocs\Do_an_tot_nghiep_lph\api\app\core\DataEntry.php(179): PatientModel->insert()
#5 C:\xampp\htdocs\Do_an_tot_nghiep_lph\api\app\controllers\LoginController.php(171): DataEntry->save()
#6 C:\xampp\htdocs\Do_an_tot_nghiep_lph\api\app\controllers\LoginController.php(52): LoginController->loginByPatient()
#7 C:\xampp\htdocs\Do_an_tot_nghiep_lph\api\app\controllers\LoginController.php(19): LoginController->login()
#8 C:\xampp\htdocs\Do_an_tot_nghiep_lph\api\app\core\App.php(611): LoginController->process()
#9 C:\xampp\htdocs\Do_an_tot_nghiep_lph\api\index.php(77): App->process()
#10 {main}
  thrown in C:\xampp\htdocs\Do_an_tot_nghiep_lph\api\app\vendor\usmanhalalit\pixie\src\Pixie\QueryBuilder\QueryBuilderHandler.php on line 152
[24-Apr-2025 07:19:19 UTC] PHP Fatal error:  Uncaught PDOException: SQLSTATE[23000]: Integrity constraint violation: 1048 Column 'id' cannot be null in C:\xampp\htdocs\Do_an_tot_nghiep_lph\api\app\vendor\usmanhalalit\pixie\src\Pixie\QueryBuilder\QueryBuilderHandler.php:152
Stack trace:
#0 C:\xampp\htdocs\Do_an_tot_nghiep_lph\api\app\vendor\usmanhalalit\pixie\src\Pixie\QueryBuilder\QueryBuilderHandler.php(152): PDOStatement->execute()
#1 C:\xampp\htdocs\Do_an_tot_nghiep_lph\api\app\vendor\usmanhalalit\pixie\src\Pixie\QueryBuilder\QueryBuilderHandler.php(325): Pixie\QueryBuilder\QueryBuilderHandler->statement('INSERT INTO `tn...', Array)
#2 C:\xampp\htdocs\Do_an_tot_nghiep_lph\api\app\vendor\usmanhalalit\pixie\src\Pixie\QueryBuilder\QueryBuilderHandler.php(356): Pixie\QueryBuilder\QueryBuilderHandler->doInsert(Array, 'insert')
#3 C:\xampp\htdocs\Do_an_tot_nghiep_lph\api\app\models\PatientModel.php(113): Pixie\QueryBuilder\QueryBuilderHandler->insert(Array)
#4 C:\xampp\htdocs\Do_an_tot_nghiep_lph\api\app\core\DataEntry.php(179): PatientModel->insert()
#5 C:\xampp\htdocs\Do_an_tot_nghiep_lph\api\app\controllers\LoginController.php(171): DataEntry->save()
#6 C:\xampp\htdocs\Do_an_tot_nghiep_lph\api\app\controllers\LoginController.php(52): LoginController->loginByPatient()
#7 C:\xampp\htdocs\Do_an_tot_nghiep_lph\api\app\controllers\LoginController.php(19): LoginController->login()
#8 C:\xampp\htdocs\Do_an_tot_nghiep_lph\api\app\core\App.php(611): LoginController->process()
#9 C:\xampp\htdocs\Do_an_tot_nghiep_lph\api\index.php(77): App->process()
#10 {main}
  thrown in C:\xampp\htdocs\Do_an_tot_nghiep_lph\api\app\vendor\usmanhalalit\pixie\src\Pixie\QueryBuilder\QueryBuilderHandler.php on line 152
[24-Apr-2025 07:20:47 UTC] PHP Fatal error:  Uncaught PDOException: SQLSTATE[23000]: Integrity constraint violation: 1048 Column 'id' cannot be null in C:\xampp\htdocs\Do_an_tot_nghiep_lph\api\app\vendor\usmanhalalit\pixie\src\Pixie\QueryBuilder\QueryBuilderHandler.php:152
Stack trace:
#0 C:\xampp\htdocs\Do_an_tot_nghiep_lph\api\app\vendor\usmanhalalit\pixie\src\Pixie\QueryBuilder\QueryBuilderHandler.php(152): PDOStatement->execute()
#1 C:\xampp\htdocs\Do_an_tot_nghiep_lph\api\app\vendor\usmanhalalit\pixie\src\Pixie\QueryBuilder\QueryBuilderHandler.php(325): Pixie\QueryBuilder\QueryBuilderHandler->statement('INSERT INTO `tn...', Array)
#2 C:\xampp\htdocs\Do_an_tot_nghiep_lph\api\app\vendor\usmanhalalit\pixie\src\Pixie\QueryBuilder\QueryBuilderHandler.php(356): Pixie\QueryBuilder\QueryBuilderHandler->doInsert(Array, 'insert')
#3 C:\xampp\htdocs\Do_an_tot_nghiep_lph\api\app\models\PatientModel.php(113): Pixie\QueryBuilder\QueryBuilderHandler->insert(Array)
#4 C:\xampp\htdocs\Do_an_tot_nghiep_lph\api\app\core\DataEntry.php(179): PatientModel->insert()
#5 C:\xampp\htdocs\Do_an_tot_nghiep_lph\api\app\controllers\LoginController.php(171): DataEntry->save()
#6 C:\xampp\htdocs\Do_an_tot_nghiep_lph\api\app\controllers\LoginController.php(52): LoginController->loginByPatient()
#7 C:\xampp\htdocs\Do_an_tot_nghiep_lph\api\app\controllers\LoginController.php(19): LoginController->login()
#8 C:\xampp\htdocs\Do_an_tot_nghiep_lph\api\app\core\App.php(611): LoginController->process()
#9 C:\xampp\htdocs\Do_an_tot_nghiep_lph\api\index.php(77): App->process()
#10 {main}
  thrown in C:\xampp\htdocs\Do_an_tot_nghiep_lph\api\app\vendor\usmanhalalit\pixie\src\Pixie\QueryBuilder\QueryBuilderHandler.php on line 152
[26-Apr-2025 10:36:06 UTC] PHP Fatal error:  Uncaught PDOException: SQLSTATE[HY000] [2002] No connection could be made because the target machine actively refused it in C:\xampp\htdocs\Do_an_tot_nghiep_lph\api\app\vendor\usmanhalalit\viocon\src\Viocon\Container.php:138
Stack trace:
#0 [internal function]: PDO->__construct('mysql:dbname=do...', 'root', '', Array)
#1 C:\xampp\htdocs\Do_an_tot_nghiep_lph\api\app\vendor\usmanhalalit\viocon\src\Viocon\Container.php(138): ReflectionClass->newInstanceArgs(Array)
#2 C:\xampp\htdocs\Do_an_tot_nghiep_lph\api\app\vendor\usmanhalalit\viocon\src\Viocon\Container.php(110): Viocon\Container->instanciate('\\PDO', Array)
#3 C:\xampp\htdocs\Do_an_tot_nghiep_lph\api\app\vendor\usmanhalalit\pixie\src\Pixie\ConnectionAdapters\Mysql.php(28): Viocon\Container->build('\\PDO', Array)
#4 C:\xampp\htdocs\Do_an_tot_nghiep_lph\api\app\vendor\usmanhalalit\pixie\src\Pixie\ConnectionAdapters\BaseAdapter.php(28): Pixie\ConnectionAdapters\Mysql->doConnect(Array)
#5 C:\xampp\htdocs\Do_an_tot_nghiep_lph\api\app\vendor\usmanhalalit\pixie\src\Pixie\Connection.php(93): Pixie\ConnectionAdapters\BaseAdapter->connect(Array)
#6 C:\xampp\htdocs\Do_an_tot_nghiep_lph\api\app\vendor\usmanhalalit\pixie\src\Pixie\Connection.php(51): Pixie\Connection->connect()
#7 C:\xampp\htdocs\Do_an_tot_nghiep_lph\api\app\core\App.php(176): Pixie\Connection->__construct('mysql', Array, 'DB')
#8 C:\xampp\htdocs\Do_an_tot_nghiep_lph\api\app\core\App.php(575): App->db()
#9 C:\xampp\htdocs\Do_an_tot_nghiep_lph\api\index.php(77): App->process()
#10 {main}
  thrown in C:\xampp\htdocs\Do_an_tot_nghiep_lph\api\app\vendor\usmanhalalit\viocon\src\Viocon\Container.php on line 138
[26-Apr-2025 10:36:23 UTC] PHP Fatal error:  Uncaught PDOException: SQLSTATE[HY000] [2002] No connection could be made because the target machine actively refused it in C:\xampp\htdocs\Do_an_tot_nghiep_lph\api\app\vendor\usmanhalalit\viocon\src\Viocon\Container.php:138
Stack trace:
#0 [internal function]: PDO->__construct('mysql:dbname=do...', 'root', '', Array)
#1 C:\xampp\htdocs\Do_an_tot_nghiep_lph\api\app\vendor\usmanhalalit\viocon\src\Viocon\Container.php(138): ReflectionClass->newInstanceArgs(Array)
#2 C:\xampp\htdocs\Do_an_tot_nghiep_lph\api\app\vendor\usmanhalalit\viocon\src\Viocon\Container.php(110): Viocon\Container->instanciate('\\PDO', Array)
#3 C:\xampp\htdocs\Do_an_tot_nghiep_lph\api\app\vendor\usmanhalalit\pixie\src\Pixie\ConnectionAdapters\Mysql.php(28): Viocon\Container->build('\\PDO', Array)
#4 C:\xampp\htdocs\Do_an_tot_nghiep_lph\api\app\vendor\usmanhalalit\pixie\src\Pixie\ConnectionAdapters\BaseAdapter.php(28): Pixie\ConnectionAdapters\Mysql->doConnect(Array)
#5 C:\xampp\htdocs\Do_an_tot_nghiep_lph\api\app\vendor\usmanhalalit\pixie\src\Pixie\Connection.php(93): Pixie\ConnectionAdapters\BaseAdapter->connect(Array)
#6 C:\xampp\htdocs\Do_an_tot_nghiep_lph\api\app\vendor\usmanhalalit\pixie\src\Pixie\Connection.php(51): Pixie\Connection->connect()
#7 C:\xampp\htdocs\Do_an_tot_nghiep_lph\api\app\core\App.php(176): Pixie\Connection->__construct('mysql', Array, 'DB')
#8 C:\xampp\htdocs\Do_an_tot_nghiep_lph\api\app\core\App.php(575): App->db()
#9 C:\xampp\htdocs\Do_an_tot_nghiep_lph\api\index.php(77): App->process()
#10 {main}
  thrown in C:\xampp\htdocs\Do_an_tot_nghiep_lph\api\app\vendor\usmanhalalit\viocon\src\Viocon\Container.php on line 138
[02-May-2025 10:52:45 UTC] PHP Fatal error:  Uncaught Error: Call to a member function get() on null in C:\xampp\htdocs\Do_an_tot_nghiep_lph\api\app\core\App.php:113
Stack trace:
#0 C:\xampp\htdocs\Do_an_tot_nghiep_lph\api\app\core\App.php(580): App->ipinfo()
#1 C:\xampp\htdocs\Do_an_tot_nghiep_lph\api\index.php(77): App->process()
#2 {main}
  thrown in C:\xampp\htdocs\Do_an_tot_nghiep_lph\api\app\core\App.php on line 113
[02-May-2025 10:53:10 UTC] PHP Fatal error:  Uncaught Error: Call to a member function get() on null in C:\xampp\htdocs\Do_an_tot_nghiep_lph\api\app\core\App.php:113
Stack trace:
#0 C:\xampp\htdocs\Do_an_tot_nghiep_lph\api\app\core\App.php(580): App->ipinfo()
#1 C:\xampp\htdocs\Do_an_tot_nghiep_lph\api\index.php(77): App->process()
#2 {main}
  thrown in C:\xampp\htdocs\Do_an_tot_nghiep_lph\api\app\core\App.php on line 113
[02-May-2025 10:53:47 UTC] PHP Fatal error:  Uncaught Error: Call to a member function get() on null in C:\xampp\htdocs\Do_an_tot_nghiep_lph\api\app\core\App.php:113
Stack trace:
#0 C:\xampp\htdocs\Do_an_tot_nghiep_lph\api\app\core\App.php(580): App->ipinfo()
#1 C:\xampp\htdocs\Do_an_tot_nghiep_lph\api\index.php(77): App->process()
#2 {main}
  thrown in C:\xampp\htdocs\Do_an_tot_nghiep_lph\api\app\core\App.php on line 113
[02-May-2025 11:05:46 UTC] PHP Fatal error:  Uncaught Error: Call to a member function get() on null in C:\xampp\htdocs\Do_an_tot_nghiep_lph\api\app\core\App.php:113
Stack trace:
#0 C:\xampp\htdocs\Do_an_tot_nghiep_lph\api\app\core\App.php(580): App->ipinfo()
#1 C:\xampp\htdocs\Do_an_tot_nghiep_lph\api\index.php(77): App->process()
#2 {main}
  thrown in C:\xampp\htdocs\Do_an_tot_nghiep_lph\api\app\core\App.php on line 113
[02-May-2025 11:09:48 UTC] PHP Fatal error:  Uncaught Error: Call to a member function get() on null in C:\xampp\htdocs\Do_an_tot_nghiep_lph\api\app\core\App.php:113
Stack trace:
#0 C:\xampp\htdocs\Do_an_tot_nghiep_lph\api\app\core\App.php(580): App->ipinfo()
#1 C:\xampp\htdocs\Do_an_tot_nghiep_lph\api\index.php(77): App->process()
#2 {main}
  thrown in C:\xampp\htdocs\Do_an_tot_nghiep_lph\api\app\core\App.php on line 113
[07-May-2025 03:06:15 UTC] PHP Fatal error:  Uncaught PDOException: SQLSTATE[23000]: Integrity constraint violation: 1048 Column 'id' cannot be null in C:\xampp\htdocs\Do_an_tot_nghiep_lph\api\app\vendor\usmanhalalit\pixie\src\Pixie\QueryBuilder\QueryBuilderHandler.php:152
Stack trace:
#0 C:\xampp\htdocs\Do_an_tot_nghiep_lph\api\app\vendor\usmanhalalit\pixie\src\Pixie\QueryBuilder\QueryBuilderHandler.php(152): PDOStatement->execute()
#1 C:\xampp\htdocs\Do_an_tot_nghiep_lph\api\app\vendor\usmanhalalit\pixie\src\Pixie\QueryBuilder\QueryBuilderHandler.php(325): Pixie\QueryBuilder\QueryBuilderHandler->statement('INSERT INTO `tn...', Array)
#2 C:\xampp\htdocs\Do_an_tot_nghiep_lph\api\app\vendor\usmanhalalit\pixie\src\Pixie\QueryBuilder\QueryBuilderHandler.php(356): Pixie\QueryBuilder\QueryBuilderHandler->doInsert(Array, 'insert')
#3 C:\xampp\htdocs\Do_an_tot_nghiep_lph\api\app\models\PatientModel.php(113): Pixie\QueryBuilder\QueryBuilderHandler->insert(Array)
#4 C:\xampp\htdocs\Do_an_tot_nghiep_lph\api\app\core\DataEntry.php(179): PatientModel->insert()
#5 C:\xampp\htdocs\Do_an_tot_nghiep_lph\api\app\controllers\LoginController.php(171): DataEntry->save()
#6 C:\xampp\htdocs\Do_an_tot_nghiep_lph\api\app\controllers\LoginController.php(52): LoginController->loginByPatient()
#7 C:\xampp\htdocs\Do_an_tot_nghiep_lph\api\app\controllers\LoginController.php(19): LoginController->login()
#8 C:\xampp\htdocs\Do_an_tot_nghiep_lph\api\app\core\App.php(615): LoginController->process()
#9 C:\xampp\htdocs\Do_an_tot_nghiep_lph\api\index.php(77): App->process()
#10 {main}
  thrown in C:\xampp\htdocs\Do_an_tot_nghiep_lph\api\app\vendor\usmanhalalit\pixie\src\Pixie\QueryBuilder\QueryBuilderHandler.php on line 152
[20-May-2025 06:18:03 UTC] PHP Fatal error:  Uncaught PDOException: SQLSTATE[HY000] [2002] No connection could be made because the target machine actively refused it in C:\xampp\htdocs\Do_an_tot_nghiep_lph\api\app\vendor\usmanhalalit\viocon\src\Viocon\Container.php:138
Stack trace:
#0 [internal function]: PDO->__construct('mysql:dbname=do...', 'root', '', Array)
#1 C:\xampp\htdocs\Do_an_tot_nghiep_lph\api\app\vendor\usmanhalalit\viocon\src\Viocon\Container.php(138): ReflectionClass->newInstanceArgs(Array)
#2 C:\xampp\htdocs\Do_an_tot_nghiep_lph\api\app\vendor\usmanhalalit\viocon\src\Viocon\Container.php(110): Viocon\Container->instanciate('\\PDO', Array)
#3 C:\xampp\htdocs\Do_an_tot_nghiep_lph\api\app\vendor\usmanhalalit\pixie\src\Pixie\ConnectionAdapters\Mysql.php(28): Viocon\Container->build('\\PDO', Array)
#4 C:\xampp\htdocs\Do_an_tot_nghiep_lph\api\app\vendor\usmanhalalit\pixie\src\Pixie\ConnectionAdapters\BaseAdapter.php(28): Pixie\ConnectionAdapters\Mysql->doConnect(Array)
#5 C:\xampp\htdocs\Do_an_tot_nghiep_lph\api\app\vendor\usmanhalalit\pixie\src\Pixie\Connection.php(93): Pixie\ConnectionAdapters\BaseAdapter->connect(Array)
#6 C:\xampp\htdocs\Do_an_tot_nghiep_lph\api\app\vendor\usmanhalalit\pixie\src\Pixie\Connection.php(51): Pixie\Connection->connect()
#7 C:\xampp\htdocs\Do_an_tot_nghiep_lph\api\app\core\App.php(180): Pixie\Connection->__construct('mysql', Array, 'DB')
#8 C:\xampp\htdocs\Do_an_tot_nghiep_lph\api\app\core\App.php(579): App->db()
#9 C:\xampp\htdocs\Do_an_tot_nghiep_lph\api\index.php(77): App->process()
#10 {main}
  thrown in C:\xampp\htdocs\Do_an_tot_nghiep_lph\api\app\vendor\usmanhalalit\viocon\src\Viocon\Container.php on line 138
